<?xml version="1.0" encoding="UTF-8"?>
<!-- Generated by org.testng.reporters.JUnitXMLReporter -->
<testsuite hostname="DESKTOP-30QAP3B" name="testTesting" tests="4" failures="0" timestamp="22 Sep 2017 17:30:37 GMT" time="1.021" errors="0">
  <testcase name="secondTest" time="1.004" classname="first.testNG.example.TestNGMoreDemo"/>
  <testcase name="firstTest" time="0.0" classname="first.testNG.example.TestNGMoreDemo"/>
  <testcase name="makeitTwo" time="0.0" classname="first.testNG.example.TestNGDemo"/>
  <testcase name="makeit" time="0.0" classname="first.testNG.example.TestNGDemo"/>
</testsuite> <!-- testTesting -->
