<?xml version="1.0" encoding="UTF-8"?>
<testng-results skipped="0" failed="0" total="1" passed="1">
  <reporter-output>
  </reporter-output>
  <suite name="Command line suite" duration-ms="5" started-at="2017-09-22T18:11:22Z" finished-at="2017-09-22T18:11:22Z">
    <groups>
    </groups>
    <test name="Command line test" duration-ms="5" started-at="2017-09-22T18:11:22Z" finished-at="2017-09-22T18:11:22Z">
      <class name="FirstLesson.AppTest">
        <test-method status="PASS" signature="testApp()[pri:0, instance:testApp(FirstLesson.AppTest)]" name="testApp" duration-ms="1" started-at="2017-09-22T14:11:22Z" finished-at="2017-09-22T14:11:22Z">
          <reporter-output>
          </reporter-output>
        </test-method> <!-- testApp -->
      </class> <!-- FirstLesson.AppTest -->
    </test> <!-- Command line test -->
  </suite> <!-- Command line suite -->
</testng-results>
