<?xml version="1.0" encoding="UTF-8"?>
<testng-results skipped="0" failed="0" total="4" passed="4">
  <reporter-output>
  </reporter-output>
  <suite name="Automation" duration-ms="1021" started-at="2017-09-22T17:30:36Z" finished-at="2017-09-22T17:30:37Z">
    <groups>
      <group name="group1">
        <method signature="TestNGMoreDemo.secondTest()[pri:0, instance:first.testNG.example.TestNGMoreDemo@511baa65]" name="secondTest" class="first.testNG.example.TestNGMoreDemo"/>
      </group> <!-- group1 -->
    </groups>
    <test name="testTesting" duration-ms="1021" started-at="2017-09-22T17:30:36Z" finished-at="2017-09-22T17:30:37Z">
      <class name="first.testNG.example.TestNGDemo">
        <test-method status="PASS" signature="beforeTest()[pri:0, instance:first.testNG.example.TestNGDemo@43a25848]" name="beforeTest" is-config="true" duration-ms="5" started-at="2017-09-22T13:30:36Z" finished-at="2017-09-22T13:30:36Z">
          <reporter-output>
          </reporter-output>
        </test-method> <!-- beforeTest -->
        <test-method status="PASS" signature="afterEachMethod()[pri:0, instance:first.testNG.example.TestNGDemo@43a25848]" name="afterEachMethod" is-config="true" duration-ms="1" started-at="2017-09-22T13:30:37Z" finished-at="2017-09-22T13:30:37Z">
          <reporter-output>
          </reporter-output>
        </test-method> <!-- afterEachMethod -->
        <test-method status="PASS" signature="makeitTwo()[pri:0, instance:first.testNG.example.TestNGDemo@43a25848]" name="makeitTwo" duration-ms="0" started-at="2017-09-22T13:30:37Z" finished-at="2017-09-22T13:30:37Z">
          <reporter-output>
          </reporter-output>
        </test-method> <!-- makeitTwo -->
        <test-method status="PASS" signature="beforeEachMethod()[pri:0, instance:first.testNG.example.TestNGDemo@43a25848]" name="beforeEachMethod" is-config="true" duration-ms="0" started-at="2017-09-22T13:30:37Z" finished-at="2017-09-22T13:30:37Z">
          <reporter-output>
          </reporter-output>
        </test-method> <!-- beforeEachMethod -->
        <test-method status="PASS" signature="beforeEachMethod()[pri:0, instance:first.testNG.example.TestNGDemo@43a25848]" name="beforeEachMethod" is-config="true" duration-ms="0" started-at="2017-09-22T13:30:37Z" finished-at="2017-09-22T13:30:37Z">
          <reporter-output>
          </reporter-output>
        </test-method> <!-- beforeEachMethod -->
        <test-method status="PASS" signature="afterEachMethod()[pri:0, instance:first.testNG.example.TestNGDemo@43a25848]" name="afterEachMethod" is-config="true" duration-ms="0" started-at="2017-09-22T13:30:37Z" finished-at="2017-09-22T13:30:37Z">
          <reporter-output>
          </reporter-output>
        </test-method> <!-- afterEachMethod -->
        <test-method status="PASS" signature="afterTesting()[pri:0, instance:first.testNG.example.TestNGDemo@43a25848]" name="afterTesting" is-config="true" duration-ms="0" started-at="2017-09-22T13:30:37Z" finished-at="2017-09-22T13:30:37Z">
          <reporter-output>
          </reporter-output>
        </test-method> <!-- afterTesting -->
        <test-method status="PASS" signature="makeit()[pri:0, instance:first.testNG.example.TestNGDemo@43a25848]" name="makeit" duration-ms="0" started-at="2017-09-22T13:30:37Z" finished-at="2017-09-22T13:30:37Z">
          <reporter-output>
          </reporter-output>
        </test-method> <!-- makeit -->
      </class> <!-- first.testNG.example.TestNGDemo -->
      <class name="first.testNG.example.TestNGMoreDemo">
        <test-method status="PASS" signature="secondTest()[pri:0, instance:first.testNG.example.TestNGMoreDemo@511baa65]" name="secondTest" duration-ms="1004" started-at="2017-09-22T13:30:36Z" finished-at="2017-09-22T13:30:37Z">
          <reporter-output>
          </reporter-output>
        </test-method> <!-- secondTest -->
        <test-method status="PASS" signature="firstTest()[pri:0, instance:first.testNG.example.TestNGMoreDemo@511baa65]" name="firstTest" duration-ms="0" started-at="2017-09-22T13:30:37Z" depends-on-methods="first.testNG.example.TestNGMoreDemo.secondTest" finished-at="2017-09-22T13:30:37Z">
          <reporter-output>
          </reporter-output>
        </test-method> <!-- firstTest -->
      </class> <!-- first.testNG.example.TestNGMoreDemo -->
    </test> <!-- testTesting -->
  </suite> <!-- Automation -->
</testng-results>
